<?xml version="1.0" encoding="UTF-8"?>
<!-- Generated by org.testng.reporters.JUnitXMLReporter -->
<testsuite ignored="2" hostname="DESKTOP-UPI6MMU" failures="0" tests="6" name="Surefire test" time="20.73" errors="0" timestamp="10 Jun 2025 12:37:08 GMT">
  <testcase classname="swaglab_test.LoginTest" name="LoginSuccessTest" time="0.56"/>
  <testcase classname="swaglab_test.LoginTest" name="LockedUserLoginFailureTest" time="0.468"/>
  <testcase classname="swaglab_test.LoginTest" name="LoginFailureTestFromExcel" time="0.543"/>
  <testcase classname="swaglab_test.LoginTest" name="LoginFailureTestFromProperties" time="0.412"/>
  <testcase classname="swaglab_test.ProductTest" name="addToCartTest" time="0.84"/>
  <testcase classname="swaglab_test.LoginTest" name="LoginFailureTest" time="0.505"/>
  <testcase classname="swaglab_test.BaseClass" name="@AfterTest CloseExcel" time="0.0">
    <ignored/>
  </testcase> <!-- @AfterTest CloseExcel -->
  <testcase classname="swaglab_test.BaseClass" name="@BeforeTest SetUpExcel" time="0.0">
    <ignored/>
  </testcase> <!-- @BeforeTest SetUpExcel -->
</testsuite> <!-- Surefire test -->
