<?xml version="1.0" encoding="UTF-8"?>
<!-- Generated by org.testng.reporters.JUnitXMLReporter -->
<testsuite ignored="0" hostname="DESKTOP-UPI6MMU" failures="0" tests="5" name="Default test" time="16.307" errors="0" timestamp="08 Jun 2025 15:08:45 GMT">
  <testcase classname="swaglab_test.LoginTest" name="LoginSuccessTest" time="0.539"/>
  <testcase classname="swaglab_test.LoginTest" name="LockedUserLoginFailureTest" time="0.44"/>
  <testcase classname="swaglab_test.LoginTest" name="LoginFailureTestFromExcel" time="0.424"/>
  <testcase classname="swaglab_test.LoginTest" name="LoginFailureTestFromProperties" time="0.397"/>
  <testcase classname="swaglab_test.LoginTest" name="LoginFailureTest" time="0.53"/>
</testsuite> <!-- Default test -->
