<?xml version="1.0" encoding="UTF-8"?>
<testng-results ignored="0" total="5" passed="5" failed="0" skipped="0">
  <reporter-output>
  </reporter-output>
  <suite started-at="2025-06-21T14:52:01Z" name="Simplilearn" finished-at="2025-06-21T14:52:21Z" duration-ms="20154">
    <groups>
    </groups>
    <test started-at="2025-06-21T14:52:01Z" name="SmokeTest" finished-at="2025-06-21T14:52:21Z" duration-ms="20154">
      <class name="swaglab_test.LoginTest">
        <test-method is-config="true" signature="SetUpExcel()[pri:0, instance:swaglab_test.LoginTest@20d3d15a]" started-at="2025-06-21T14:52:01Z" name="SetUpExcel" finished-at="2025-06-21T14:52:02Z" duration-ms="576" status="PASS">
          <reporter-output>
          </reporter-output>
        </test-method> <!-- SetUpExcel -->
        <test-method is-config="true" signature="SetUp()[pri:0, instance:swaglab_test.LoginTest@20d3d15a]" started-at="2025-06-21T14:52:02Z" name="SetUp" finished-at="2025-06-21T14:52:08Z" duration-ms="6614" status="PASS">
          <reporter-output>
          </reporter-output>
        </test-method> <!-- SetUp -->
        <test-method signature="LoginSuccessTest()[pri:-1, instance:swaglab_test.LoginTest@20d3d15a]" started-at="2025-06-21T14:52:08Z" name="LoginSuccessTest" finished-at="2025-06-21T14:52:09Z" duration-ms="844" status="PASS">
          <reporter-output>
          </reporter-output>
        </test-method> <!-- LoginSuccessTest -->
        <test-method is-config="true" signature="TearDown()[pri:0, instance:swaglab_test.LoginTest@20d3d15a]" started-at="2025-06-21T14:52:09Z" name="TearDown" finished-at="2025-06-21T14:52:09Z" duration-ms="188" status="PASS">
          <reporter-output>
          </reporter-output>
        </test-method> <!-- TearDown -->
        <test-method is-config="true" signature="SetUp()[pri:0, instance:swaglab_test.LoginTest@20d3d15a]" started-at="2025-06-21T14:52:09Z" name="SetUp" finished-at="2025-06-21T14:52:12Z" duration-ms="2388" status="PASS">
          <reporter-output>
          </reporter-output>
        </test-method> <!-- SetUp -->
        <test-method signature="LockedUserLoginFailureTest()[pri:0, instance:swaglab_test.LoginTest@20d3d15a]" started-at="2025-06-21T14:52:12Z" name="LockedUserLoginFailureTest" finished-at="2025-06-21T14:52:12Z" duration-ms="482" status="PASS">
          <reporter-output>
          </reporter-output>
        </test-method> <!-- LockedUserLoginFailureTest -->
        <test-method is-config="true" signature="TearDown()[pri:0, instance:swaglab_test.LoginTest@20d3d15a]" started-at="2025-06-21T14:52:12Z" name="TearDown" finished-at="2025-06-21T14:52:13Z" duration-ms="205" status="PASS">
          <reporter-output>
          </reporter-output>
        </test-method> <!-- TearDown -->
        <test-method is-config="true" signature="SetUp()[pri:0, instance:swaglab_test.LoginTest@20d3d15a]" started-at="2025-06-21T14:52:13Z" name="SetUp" finished-at="2025-06-21T14:52:15Z" duration-ms="2340" status="PASS">
          <reporter-output>
          </reporter-output>
        </test-method> <!-- SetUp -->
        <test-method signature="LoginFailureTestFromExcel()[pri:0, instance:swaglab_test.LoginTest@20d3d15a]" started-at="2025-06-21T14:52:15Z" name="LoginFailureTestFromExcel" finished-at="2025-06-21T14:52:15Z" duration-ms="513" status="PASS">
          <reporter-output>
          </reporter-output>
        </test-method> <!-- LoginFailureTestFromExcel -->
        <test-method is-config="true" signature="TearDown()[pri:0, instance:swaglab_test.LoginTest@20d3d15a]" started-at="2025-06-21T14:52:15Z" name="TearDown" finished-at="2025-06-21T14:52:16Z" duration-ms="223" status="PASS">
          <reporter-output>
          </reporter-output>
        </test-method> <!-- TearDown -->
        <test-method is-config="true" signature="SetUp()[pri:0, instance:swaglab_test.LoginTest@20d3d15a]" started-at="2025-06-21T14:52:16Z" name="SetUp" finished-at="2025-06-21T14:52:17Z" duration-ms="1649" status="PASS">
          <reporter-output>
          </reporter-output>
        </test-method> <!-- SetUp -->
        <test-method signature="LoginFailureTestFromProperties()[pri:0, instance:swaglab_test.LoginTest@20d3d15a]" started-at="2025-06-21T14:52:17Z" name="LoginFailureTestFromProperties" finished-at="2025-06-21T14:52:18Z" duration-ms="450" status="PASS">
          <reporter-output>
          </reporter-output>
        </test-method> <!-- LoginFailureTestFromProperties -->
        <test-method is-config="true" signature="TearDown()[pri:0, instance:swaglab_test.LoginTest@20d3d15a]" started-at="2025-06-21T14:52:18Z" name="TearDown" finished-at="2025-06-21T14:52:18Z" duration-ms="221" status="PASS">
          <reporter-output>
          </reporter-output>
        </test-method> <!-- TearDown -->
        <test-method is-config="true" signature="SetUp()[pri:0, instance:swaglab_test.LoginTest@20d3d15a]" started-at="2025-06-21T14:52:18Z" name="SetUp" finished-at="2025-06-21T14:52:20Z" duration-ms="2472" status="PASS">
          <reporter-output>
          </reporter-output>
        </test-method> <!-- SetUp -->
        <test-method signature="LoginFailureTest()[pri:1, instance:swaglab_test.LoginTest@20d3d15a]" started-at="2025-06-21T14:52:20Z" name="LoginFailureTest" finished-at="2025-06-21T14:52:21Z" duration-ms="461" status="PASS">
          <reporter-output>
          </reporter-output>
        </test-method> <!-- LoginFailureTest -->
        <test-method is-config="true" signature="TearDown()[pri:0, instance:swaglab_test.LoginTest@20d3d15a]" started-at="2025-06-21T14:52:21Z" name="TearDown" finished-at="2025-06-21T14:52:21Z" duration-ms="219" status="PASS">
          <reporter-output>
          </reporter-output>
        </test-method> <!-- TearDown -->
        <test-method is-config="true" signature="CloseExcel()[pri:0, instance:swaglab_test.LoginTest@20d3d15a]" started-at="2025-06-21T14:52:21Z" name="CloseExcel" finished-at="2025-06-21T14:52:21Z" duration-ms="285" status="PASS">
          <reporter-output>
          </reporter-output>
        </test-method> <!-- CloseExcel -->
      </class> <!-- swaglab_test.LoginTest -->
    </test> <!-- SmokeTest -->
  </suite> <!-- Simplilearn -->
</testng-results>
