<?xml version="1.0" encoding="UTF-8"?>
<testng-results ignored="0" total="5" passed="5" failed="0" skipped="0">
  <reporter-output>
  </reporter-output>
  <suite started-at="2025-06-08T15:08:29Z" name="Default suite" finished-at="2025-06-08T15:08:45Z" duration-ms="16307">
    <groups>
    </groups>
    <test started-at="2025-06-08T15:08:29Z" name="Default test" finished-at="2025-06-08T15:08:45Z" duration-ms="16307">
      <class name="swaglab_test.LoginTest">
        <test-method is-config="true" signature="SetUpExcel()[pri:0, instance:swaglab_test.LoginTest@3b96c42e]" started-at="2025-06-08T15:08:29Z" name="SetUpExcel" finished-at="2025-06-08T15:08:29Z" duration-ms="618" status="PASS">
          <reporter-output>
          </reporter-output>
        </test-method> <!-- SetUpExcel -->
        <test-method is-config="true" signature="SetUp()[pri:0, instance:swaglab_test.LoginTest@3b96c42e]" started-at="2025-06-08T15:08:29Z" name="SetUp" finished-at="2025-06-08T15:08:34Z" duration-ms="4892" status="PASS">
          <reporter-output>
          </reporter-output>
        </test-method> <!-- SetUp -->
        <test-method signature="LoginSuccessTest()[pri:-1, instance:swaglab_test.LoginTest@3b96c42e]" started-at="2025-06-08T15:08:34Z" name="LoginSuccessTest" finished-at="2025-06-08T15:08:35Z" duration-ms="539" status="PASS">
          <reporter-output>
          </reporter-output>
        </test-method> <!-- LoginSuccessTest -->
        <test-method is-config="true" signature="TearDown()[pri:0, instance:swaglab_test.LoginTest@3b96c42e]" started-at="2025-06-08T15:08:35Z" name="TearDown" finished-at="2025-06-08T15:08:35Z" duration-ms="0" status="PASS">
          <reporter-output>
          </reporter-output>
        </test-method> <!-- TearDown -->
        <test-method is-config="true" signature="SetUp()[pri:0, instance:swaglab_test.LoginTest@3b96c42e]" started-at="2025-06-08T15:08:35Z" name="SetUp" finished-at="2025-06-08T15:08:37Z" duration-ms="2150" status="PASS">
          <reporter-output>
          </reporter-output>
        </test-method> <!-- SetUp -->
        <test-method signature="LockedUserLoginFailureTest()[pri:0, instance:swaglab_test.LoginTest@3b96c42e]" started-at="2025-06-08T15:08:37Z" name="LockedUserLoginFailureTest" finished-at="2025-06-08T15:08:37Z" duration-ms="440" status="PASS">
          <reporter-output>
          </reporter-output>
        </test-method> <!-- LockedUserLoginFailureTest -->
        <test-method is-config="true" signature="TearDown()[pri:0, instance:swaglab_test.LoginTest@3b96c42e]" started-at="2025-06-08T15:08:37Z" name="TearDown" finished-at="2025-06-08T15:08:37Z" duration-ms="1" status="PASS">
          <reporter-output>
          </reporter-output>
        </test-method> <!-- TearDown -->
        <test-method is-config="true" signature="SetUp()[pri:0, instance:swaglab_test.LoginTest@3b96c42e]" started-at="2025-06-08T15:08:37Z" name="SetUp" finished-at="2025-06-08T15:08:39Z" duration-ms="1935" status="PASS">
          <reporter-output>
          </reporter-output>
        </test-method> <!-- SetUp -->
        <test-method signature="LoginFailureTestFromExcel()[pri:0, instance:swaglab_test.LoginTest@3b96c42e]" started-at="2025-06-08T15:08:39Z" name="LoginFailureTestFromExcel" finished-at="2025-06-08T15:08:40Z" duration-ms="424" status="PASS">
          <reporter-output>
          </reporter-output>
        </test-method> <!-- LoginFailureTestFromExcel -->
        <test-method is-config="true" signature="TearDown()[pri:0, instance:swaglab_test.LoginTest@3b96c42e]" started-at="2025-06-08T15:08:40Z" name="TearDown" finished-at="2025-06-08T15:08:40Z" duration-ms="0" status="PASS">
          <reporter-output>
          </reporter-output>
        </test-method> <!-- TearDown -->
        <test-method is-config="true" signature="SetUp()[pri:0, instance:swaglab_test.LoginTest@3b96c42e]" started-at="2025-06-08T15:08:40Z" name="SetUp" finished-at="2025-06-08T15:08:42Z" duration-ms="1995" status="PASS">
          <reporter-output>
          </reporter-output>
        </test-method> <!-- SetUp -->
        <test-method signature="LoginFailureTestFromProperties()[pri:0, instance:swaglab_test.LoginTest@3b96c42e]" started-at="2025-06-08T15:08:42Z" name="LoginFailureTestFromProperties" finished-at="2025-06-08T15:08:42Z" duration-ms="397" status="PASS">
          <reporter-output>
          </reporter-output>
        </test-method> <!-- LoginFailureTestFromProperties -->
        <test-method is-config="true" signature="TearDown()[pri:0, instance:swaglab_test.LoginTest@3b96c42e]" started-at="2025-06-08T15:08:42Z" name="TearDown" finished-at="2025-06-08T15:08:42Z" duration-ms="0" status="PASS">
          <reporter-output>
          </reporter-output>
        </test-method> <!-- TearDown -->
        <test-method is-config="true" signature="SetUp()[pri:0, instance:swaglab_test.LoginTest@3b96c42e]" started-at="2025-06-08T15:08:42Z" name="SetUp" finished-at="2025-06-08T15:08:44Z" duration-ms="2135" status="PASS">
          <reporter-output>
          </reporter-output>
        </test-method> <!-- SetUp -->
        <test-method signature="LoginFailureTest()[pri:1, instance:swaglab_test.LoginTest@3b96c42e]" started-at="2025-06-08T15:08:44Z" name="LoginFailureTest" finished-at="2025-06-08T15:08:45Z" duration-ms="530" status="PASS">
          <reporter-output>
          </reporter-output>
        </test-method> <!-- LoginFailureTest -->
        <test-method is-config="true" signature="CloseExcel()[pri:0, instance:swaglab_test.LoginTest@3b96c42e]" started-at="2025-06-08T15:08:45Z" name="CloseExcel" finished-at="2025-06-08T15:08:45Z" duration-ms="216" status="PASS">
          <reporter-output>
          </reporter-output>
        </test-method> <!-- CloseExcel -->
        <test-method is-config="true" signature="TearDown()[pri:0, instance:swaglab_test.LoginTest@3b96c42e]" started-at="2025-06-08T15:08:45Z" name="TearDown" finished-at="2025-06-08T15:08:45Z" duration-ms="0" status="PASS">
          <reporter-output>
          </reporter-output>
        </test-method> <!-- TearDown -->
      </class> <!-- swaglab_test.LoginTest -->
    </test> <!-- Default test -->
  </suite> <!-- Default suite -->
</testng-results>
