<?xml version="1.0" encoding="UTF-8"?>
<!-- Generated by org.testng.reporters.JUnitXMLReporter -->
<testsuite ignored="3" hostname="DESKTOP-UPI6MMU" failures="0" tests="3" name="SmokeTest" time="0.048" errors="0" timestamp="10 Jun 2025 12:33:16 GMT">
  <testcase classname="testng.AnnotationsExample" name="test1" time="0.006"/>
  <testcase classname="testng.AnnotationsExample" name="test2" time="0.001"/>
  <testcase classname="testng.AnnotationsExample2" name="test4" time="0.002"/>
  <testcase classname="testng.BaseClass" name="@BeforeTest method3" time="0.0">
    <ignored/>
  </testcase> <!-- @BeforeTest method3 -->
  <testcase classname="testng.BaseClass" name="@AfterTest method4" time="0.0">
    <ignored/>
  </testcase> <!-- @AfterTest method4 -->
  <testcase classname="testng.AnnotationsExample2" name="test3" time="0.0">
    <ignored/>
  </testcase> <!-- test3 -->
</testsuite> <!-- SmokeTest -->
