<?xml version="1.0" encoding="UTF-8"?>
<!-- Generated by org.testng.reporters.JUnitXMLReporter -->
<testsuite ignored="0" hostname="DESKTOP-UPI6MMU" failures="0" tests="5" name="SmokeTest" time="20.154" errors="0" timestamp="21 Jun 2025 14:52:21 GMT">
  <testcase classname="swaglab_test.LoginTest" name="LoginSuccessTest" time="0.844"/>
  <testcase classname="swaglab_test.LoginTest" name="LockedUserLoginFailureTest" time="0.482"/>
  <testcase classname="swaglab_test.LoginTest" name="LoginFailureTestFromExcel" time="0.513"/>
  <testcase classname="swaglab_test.LoginTest" name="LoginFailureTestFromProperties" time="0.45"/>
  <testcase classname="swaglab_test.LoginTest" name="LoginFailureTest" time="0.461"/>
</testsuite> <!-- SmokeTest -->
